<?xml version="1.0" encoding="UTF-8"?>
<!-- Generated by org.testng.reporters.JUnitReportReporter -->
<testsuite hostname="DESKTOP-8IFN1D6" failures="0" tests="4" name="capturescreenshot.TestLogin" time="0.032" errors="0" timestamp="13 Feb 2020 09:32:05 GMT" skipped="2">
  <testcase classname="capturescreenshot.TestLogin" name="login" time="0.020"/>
  <testcase classname="capturescreenshot.TestLogin" name="userReg" time="0.004">
    <skipped/>
  </testcase> <!-- userReg -->
  <testcase classname="capturescreenshot.TestLogin" name="userReg" time="0.008">
    <skipped/>
  </testcase> <!-- userReg -->
  <testcase classname="capturescreenshot.TestLogin" name="userReg" time="0.000"/>
</testsuite> <!-- capturescreenshot.TestLogin -->
