<?xml version="1.0" encoding="UTF-8"?>
<!-- Generated by org.testng.reporters.JUnitReportReporter -->
<testsuite hostname="DESKTOP-8IFN1D6" failures="0" tests="4" name="parameterization.TestNGParameterizationExcellHashtable" time="0.021" errors="0" timestamp="09 Feb 2020 14:40:32 GMT" skipped="0">
  <testcase classname="parameterization.TestNGParameterizationExcellHashtable" name="testData" time="0.014"/>
  <testcase classname="parameterization.TestNGParameterizationExcellHashtable" name="testData" time="0.002"/>
  <testcase classname="parameterization.TestNGParameterizationExcellHashtable" name="testData" time="0.002"/>
  <testcase classname="parameterization.TestNGParameterizationExcellHashtable" name="testData" time="0.003"/>
</testsuite> <!-- parameterization.TestNGParameterizationExcellHashtable -->
