<?xml version="1.0" encoding="UTF-8"?>
<!-- Generated by org.testng.reporters.JUnitReportReporter -->
<testsuite hostname="DESKTOP-8IFN1D6" failures="0" tests="1" name="Regression.TestSkip" time="0.019" errors="0" timestamp="07 Feb 2020 11:41:35 GMT" skipped="1">
  <testcase classname="Regression.TestSkip" name="isSkip" time="0.019">
    <skipped/>
  </testcase> <!-- isSkip -->
</testsuite> <!-- Regression.TestSkip -->
