<?xml version="1.0" encoding="UTF-8"?>
<!-- Generated by org.testng.reporters.JUnitReportReporter -->
<testsuite hostname="DESKTOP-8IFN1D6" failures="0" tests="3" name="parameterization.TestParameterization" time="0.032" errors="0" timestamp="07 Feb 2020 16:02:42 GMT" skipped="0">
  <testcase classname="parameterization.TestParameterization" name="doLogin" time="0.022"/>
  <testcase classname="parameterization.TestParameterization" name="doLogin" time="0.008"/>
  <testcase classname="parameterization.TestParameterization" name="doLogin" time="0.002"/>
</testsuite> <!-- parameterization.TestParameterization -->
