<?xml version="1.0" encoding="UTF-8"?>
<!-- Generated by org.testng.reporters.JUnitReportReporter -->
<testsuite hostname="DESKTOP-8IFN1D6" failures="0" tests="2" name="parameterization.TestParametersfromXML" time="0.024" errors="0" timestamp="11 Feb 2020 07:48:46 GMT" skipped="0">
  <testcase classname="parameterization.TestParametersfromXML" name="getBrowser" time="0.021"/>
  <testcase classname="parameterization.TestParametersfromXML" name="getBrowser" time="0.003"/>
</testsuite> <!-- parameterization.TestParametersfromXML -->
