<?xml version="1.0" encoding="UTF-8"?>
<!-- Generated by org.testng.reporters.JUnitReportReporter -->
<testsuite hostname="DESKTOP-8IFN1D6" failures="0" tests="2" name="Testcase.TestNGClass" time="0.009" errors="0" timestamp="07 Feb 2020 12:30:47 GMT" skipped="0">
  <testcase classname="Testcase.TestNGClass" name="doUserReg" time="0.007"/>
  <testcase classname="Testcase.TestNGClass" name="doLogin" time="0.002"/>
</testsuite> <!-- Testcase.TestNGClass -->
