<?xml version="1.0" encoding="UTF-8"?>
<!-- Generated by org.testng.reporters.JUnitReportReporter -->
<testsuite hostname="DESKTOP-8IFN1D6" failures="0" tests="2" name="Regression.TestNGClass" time="0.013" errors="0" timestamp="13 May 2020 15:07:41 GMT" skipped="0">
  <testcase classname="Regression.TestNGClass" name="doUserReg" time="0.009"/>
  <testcase classname="Regression.TestNGClass" name="doLogin" time="0.004"/>
</testsuite> <!-- Regression.TestNGClass -->
