<?xml version="1.0" encoding="UTF-8"?>
<!-- Generated by org.testng.reporters.JUnitReportReporter -->
<testsuite hostname="DESKTOP-8IFN1D6" failures="0" tests="4" name="parallel.ParallelTest" time="8.100" errors="0" timestamp="11 Feb 2020 08:13:11 GMT" skipped="0">
  <testcase classname="parallel.ParallelTest" name="getBrowser" time="2.007"/>
  <testcase classname="parallel.ParallelTest" name="getBrowser" time="2.036"/>
  <testcase classname="parallel.ParallelTest" name="getBrowser" time="2.021"/>
  <testcase classname="parallel.ParallelTest" name="getBrowser" time="2.036"/>
</testsuite> <!-- parallel.ParallelTest -->
