<?xml version="1.0" encoding="UTF-8"?>
<!-- Generated by org.testng.reporters.JUnitReportReporter -->
<testsuite hostname="DESKTOP-8IFN1D6" failures="0" tests="4" name="parameterization.Testlogin" time="0.053" errors="0" timestamp="09 Feb 2020 15:07:54 GMT" skipped="0">
  <testcase classname="parameterization.Testlogin" name="testLogin" time="0.022"/>
  <testcase classname="parameterization.Testlogin" name="testUserreg" time="0.005"/>
  <testcase classname="parameterization.Testlogin" name="testLogin" time="0.006"/>
  <testcase classname="parameterization.Testlogin" name="testUserreg" time="0.020"/>
</testsuite> <!-- parameterization.Testlogin -->
