<?xml version="1.0" encoding="UTF-8"?>
<!-- Generated by org.testng.reporters.JUnitReportReporter -->
<testsuite hostname="DESKTOP-8IFN1D6" failures="0" tests="2" name="rerun.LogInTest" time="0.018" errors="0" timestamp="2021-01-04T21:02:34 IST" skipped="0">
  <testcase classname="rerun.LogInTest" name="doLogin" time="0.014"/>
  <system-out/>
  <testcase classname="rerun.LogInTest" name="registerUser" time="0.004"/>
  <system-out/>
</testsuite> <!-- rerun.LogInTest -->
