<?xml version="1.0" encoding="UTF-8"?>
<!-- Generated by org.testng.reporters.JUnitReportReporter -->
<testsuite hostname="DESKTOP-8IFN1D6" failures="0" tests="1" name="testcases.TestCaseDependencies" time="0.002" errors="0" timestamp="2021-01-03T19:15:31 IST" skipped="0">
  <testcase classname="testcases.TestCaseDependencies" name="thirdTest" time="0.002"/>
  <system-out/>
</testsuite> <!-- testcases.TestCaseDependencies -->
