<?xml version="1.0" encoding="UTF-8"?>
<!-- Generated by org.testng.reporters.JUnitReportReporter -->
<testsuite hostname="DESKTOP-8IFN1D6" failures="0" tests="4" name="parameterization.LoginTest" time="0.032" errors="0" timestamp="2021-01-04T12:50:20 IST" skipped="0">
  <testcase classname="parameterization.LoginTest" name="loginTest" time="0.016"/>
  <system-out/>
  <testcase classname="parameterization.LoginTest" name="userReg" time="0.000"/>
  <system-out/>
  <testcase classname="parameterization.LoginTest" name="loginTest" time="0.000"/>
  <system-out/>
  <testcase classname="parameterization.LoginTest" name="userReg" time="0.016"/>
  <system-out/>
</testsuite> <!-- parameterization.LoginTest -->
