<?xml version="1.0" encoding="UTF-8"?>
<!-- Generated by org.testng.reporters.JUnitReportReporter -->
<testsuite hostname="DESKTOP-8IFN1D6" failures="0" tests="2" name="parellelTest.TestParellelDP" time="4.114" errors="0" timestamp="2021-01-04T13:23:26 IST" skipped="0">
  <testcase classname="parellelTest.TestParellelDP" name="getBrowser" time="2.057"/>
  <system-out/>
  <testcase classname="parellelTest.TestParellelDP" name="getBrowser" time="2.057"/>
  <system-out/>
</testsuite> <!-- parellelTest.TestParellelDP -->
