<?xml version="1.0" encoding="UTF-8"?>
<!-- Generated by org.testng.reporters.JUnitReportReporter -->
<testsuite hostname="DESKTOP-8IFN1D6" failures="0" tests="3" name="parameterization.TestParameterization" time="0.020" errors="0" timestamp="2021-01-03T19:34:59 IST" skipped="0">
  <testcase classname="parameterization.TestParameterization" name="doLogin" time="0.001"/>
  <system-out/>
  <testcase classname="parameterization.TestParameterization" name="doLogin" time="0.002"/>
  <system-out/>
  <testcase classname="parameterization.TestParameterization" name="doLogin" time="0.017"/>
  <system-out/>
</testsuite> <!-- parameterization.TestParameterization -->
