<?xml version="1.0" encoding="UTF-8"?>
<!-- Generated by org.testng.reporters.JUnitReportReporter -->
<testsuite hostname="DESKTOP-8IFN1D6" failures="0" tests="2" name="parellelTest.TestBrowser" time="4.094" errors="0" timestamp="2021-01-04T13:16:26 IST" skipped="0">
  <testcase classname="parellelTest.TestBrowser" name="getBrowser" time="2.047"/>
  <system-out/>
  <testcase classname="parellelTest.TestBrowser" name="getBrowser" time="2.047"/>
  <system-out/>
</testsuite> <!-- parellelTest.TestBrowser -->
