<?xml version="1.0" encoding="UTF-8"?>
<!-- Generated by org.testng.reporters.JUnitReportReporter -->
<testsuite hostname="DESKTOP-8IFN1D6" failures="0" tests="2" name="regressionTest.TestCase1" time="0.019" errors="0" timestamp="2021-01-03T14:21:47 IST" skipped="0">
  <testcase classname="regressionTest.TestCase1" name="doUserReg" time="0.019"/>
  <system-out/>
  <testcase classname="regressionTest.TestCase1" name="doLogin" time="0.000"/>
  <system-out/>
</testsuite> <!-- regressionTest.TestCase1 -->
