<?xml version="1.0" encoding="UTF-8"?>
<!-- Generated by org.testng.reporters.JUnitReportReporter -->
<testsuite hostname="DESKTOP-8IFN1D6" failures="0" tests="2" name="parameterization.DataProviders" time="0.015" errors="0" timestamp="2021-01-04T12:37:55 IST" skipped="0">
  <testcase classname="parameterization.DataProviders" name="loginTest" time="0.000"/>
  <system-out/>
  <testcase classname="parameterization.DataProviders" name="loginTest" time="0.015"/>
  <system-out/>
</testsuite> <!-- parameterization.DataProviders -->
