<?xml version="1.0" encoding="UTF-8"?>
<!-- Generated by org.testng.reporters.JUnitReportReporter -->
<testsuite hostname="DESKTOP-8IFN1D6" failures="0" tests="1" name="parameterization.TestParameterizationExcell" time="0.000" errors="0" timestamp="2021-01-03T20:12:32 IST" skipped="1">
  <testcase classname="parameterization.TestParameterizationExcell" name="testData" time="0.000">
    <skipped/>
  </testcase> <!-- testData -->
  <system-out/>
</testsuite> <!-- parameterization.TestParameterizationExcell -->
